# Logfile created on Tue Mar 15 23:27:09 -0300 2011/!\ FAILSAFE /!\  Wed Mar 16 00:08:27 -0300 2011
  Status: 500 Internal Server Error
  Unknown database 'newssuite_development'
    /home/fabricio/.rvm/gems/ruby-1.8.7-p334/gems/activerecord-2.3.8/lib/active_record/connection_adapters/mysql_adapter.rb:619:in `real_connect'
    /home/fabricio/.rvm/gems/ruby-1.8.7-p334/gems/activerecord-2.3.8/lib/active_record/connection_adapters/mysql_adapter.rb:619:in `connect'
    /home/fabricio/.rvm/gems/ruby-1.8.7-p334/gems/activerecord-2.3.8/lib/active_record/connection_adapters/mysql_adapter.rb:203:in `initialize'
    /home/fabricio/.rvm/gems/ruby-1.8.7-p334/gems/activerecord-2.3.8/lib/active_record/connection_adapters/mysql_adapter.rb:75:in `new'
    /home/fabricio/.rvm/gems/ruby-1.8.7-p334/gems/activerecord-2.3.8/lib/active_record/connection_adapters/mysql_adapter.rb:75:in `mysql_connection'
    /home/fabricio/.rvm/gems/ruby-1.8.7-p334/gems/activerecord-2.3.8/lib/active_record/connection_adapters/abstract/connection_pool.rb:223:in `send'
    /home/fabricio/.rvm/gems/ruby-1.8.7-p334/gems/activerecord-2.3.8/lib/active_record/connection_adapters/abstract/connection_pool.rb:223:in `new_connection'
    /home/fabricio/.rvm/gems/ruby-1.8.7-p334/gems/activerecord-2.3.8/lib/active_record/connection_adapters/abstract/connection_pool.rb:245:in `checkout_new_connection'
    /home/fabricio/.rvm/gems/ruby-1.8.7-p334/gems/activerecord-2.3.8/lib/active_record/connection_adapters/abstract/connection_pool.rb:188:in `checkout'
    /home/fabricio/.rvm/gems/ruby-1.8.7-p334/gems/activerecord-2.3.8/lib/active_record/connection_adapters/abstract/connection_pool.rb:184:in `loop'
    /home/fabricio/.rvm/gems/ruby-1.8.7-p334/gems/activerecord-2.3.8/lib/active_record/connection_adapters/abstract/connection_pool.rb:184:in `checkout'
    /home/fabricio/.rvm/rubies/ruby-1.8.7-p334/lib/ruby/1.8/monitor.rb:242:in `synchronize'
    /home/fabricio/.rvm/gems/ruby-1.8.7-p334/gems/activerecord-2.3.8/lib/active_record/connection_adapters/abstract/connection_pool.rb:183:in `checkout'
    /home/fabricio/.rvm/gems/ruby-1.8.7-p334/gems/activerecord-2.3.8/lib/active_record/connection_adapters/abstract/connection_pool.rb:98:in `connection'
    /home/fabricio/.rvm/gems/ruby-1.8.7-p334/gems/activerecord-2.3.8/lib/active_record/connection_adapters/abstract/connection_pool.rb:326:in `retrieve_connection'
    /home/fabricio/.rvm/gems/ruby-1.8.7-p334/gems/activerecord-2.3.8/lib/active_record/connection_adapters/abstract/connection_specification.rb:123:in `retrieve_connection'
    /home/fabricio/.rvm/gems/ruby-1.8.7-p334/gems/activerecord-2.3.8/lib/active_record/connection_adapters/abstract/connection_specification.rb:115:in `connection'
    /home/fabricio/.rvm/gems/ruby-1.8.7-p334/gems/activerecord-2.3.8/lib/active_record/query_cache.rb:9:in `cache'
    /home/fabricio/.rvm/gems/ruby-1.8.7-p334/gems/activerecord-2.3.8/lib/active_record/query_cache.rb:28:in `call'
    /home/fabricio/.rvm/gems/ruby-1.8.7-p334/gems/activerecord-2.3.8/lib/active_record/connection_adapters/abstract/connection_pool.rb:361:in `call'
    /home/fabricio/.rvm/gems/ruby-1.8.7-p334/gems/haml-3.0.15/rails/../lib/sass/plugin/rack.rb:41:in `call'
    /home/fabricio/.rvm/gems/ruby-1.8.7-p334/gems/actionpack-2.3.8/lib/action_controller/string_coercion.rb:25:in `call'
    /home/fabricio/.rvm/gems/ruby-1.8.7-p334/gems/rack-1.1.1/lib/rack/head.rb:9:in `call'
    /home/fabricio/.rvm/gems/ruby-1.8.7-p334/gems/rack-1.1.1/lib/rack/methodoverride.rb:24:in `call'
    /home/fabricio/.rvm/gems/ruby-1.8.7-p334/gems/actionpack-2.3.8/lib/action_controller/params_parser.rb:15:in `call'
    /home/fabricio/.rvm/gems/ruby-1.8.7-p334/gems/actionpack-2.3.8/lib/action_controller/session/cookie_store.rb:99:in `call'
    /home/fabricio/.rvm/gems/ruby-1.8.7-p334/gems/actionpack-2.3.8/lib/action_controller/failsafe.rb:26:in `call'
    /home/fabricio/.rvm/gems/ruby-1.8.7-p334/gems/rack-1.1.1/lib/rack/lock.rb:11:in `call'
    /home/fabricio/.rvm/gems/ruby-1.8.7-p334/gems/rack-1.1.1/lib/rack/lock.rb:11:in `synchronize'
    /home/fabricio/.rvm/gems/ruby-1.8.7-p334/gems/rack-1.1.1/lib/rack/lock.rb:11:in `call'
    /home/fabricio/.rvm/gems/ruby-1.8.7-p334/gems/actionpack-2.3.8/lib/action_controller/dispatcher.rb:114:in `call'
    /home/fabricio/.rvm/gems/ruby-1.8.7-p334/gems/actionpack-2.3.8/lib/action_controller/reloader.rb:34:in `run'
    /home/fabricio/.rvm/gems/ruby-1.8.7-p334/gems/actionpack-2.3.8/lib/action_controller/dispatcher.rb:108:in `call'
    /home/fabricio/.rvm/gems/ruby-1.8.7-p334/gems/rails-2.3.8/lib/rails/rack/static.rb:31:in `call'
    /home/fabricio/.rvm/gems/ruby-1.8.7-p334/gems/rack-1.1.1/lib/rack/urlmap.rb:47:in `call'
    /home/fabricio/.rvm/gems/ruby-1.8.7-p334/gems/rack-1.1.1/lib/rack/urlmap.rb:41:in `each'
    /home/fabricio/.rvm/gems/ruby-1.8.7-p334/gems/rack-1.1.1/lib/rack/urlmap.rb:41:in `call'
    /home/fabricio/.rvm/gems/ruby-1.8.7-p334/gems/rails-2.3.8/lib/rails/rack/log_tailer.rb:17:in `call'
    /home/fabricio/.rvm/gems/ruby-1.8.7-p334/gems/rack-1.1.1/lib/rack/content_length.rb:13:in `call'
    /home/fabricio/.rvm/gems/ruby-1.8.7-p334/gems/rack-1.1.1/lib/rack/handler/webrick.rb:48:in `service'
    /home/fabricio/.rvm/rubies/ruby-1.8.7-p334/lib/ruby/1.8/webrick/httpserver.rb:104:in `service'
    /home/fabricio/.rvm/rubies/ruby-1.8.7-p334/lib/ruby/1.8/webrick/httpserver.rb:65:in `run'
    /home/fabricio/.rvm/rubies/ruby-1.8.7-p334/lib/ruby/1.8/webrick/server.rb:173:in `start_thread'
    /home/fabricio/.rvm/rubies/ruby-1.8.7-p334/lib/ruby/1.8/webrick/server.rb:162:in `start'
    /home/fabricio/.rvm/rubies/ruby-1.8.7-p334/lib/ruby/1.8/webrick/server.rb:162:in `start_thread'
    /home/fabricio/.rvm/rubies/ruby-1.8.7-p334/lib/ruby/1.8/webrick/server.rb:95:in `start'
    /home/fabricio/.rvm/rubies/ruby-1.8.7-p334/lib/ruby/1.8/webrick/server.rb:92:in `each'
    /home/fabricio/.rvm/rubies/ruby-1.8.7-p334/lib/ruby/1.8/webrick/server.rb:92:in `start'
    /home/fabricio/.rvm/rubies/ruby-1.8.7-p334/lib/ruby/1.8/webrick/server.rb:23:in `start'
    /home/fabricio/.rvm/rubies/ruby-1.8.7-p334/lib/ruby/1.8/webrick/server.rb:82:in `start'
    /home/fabricio/.rvm/gems/ruby-1.8.7-p334/gems/rack-1.1.1/lib/rack/handler/webrick.rb:14:in `run'
    /home/fabricio/.rvm/gems/ruby-1.8.7-p334/gems/rails-2.3.8/lib/commands/server.rb:111
    /home/fabricio/.rvm/rubies/ruby-1.8.7-p334/lib/ruby/site_ruby/1.8/rubygems/custom_require.rb:29:in `gem_original_require'
    /home/fabricio/.rvm/rubies/ruby-1.8.7-p334/lib/ruby/site_ruby/1.8/rubygems/custom_require.rb:29:in `require'
    script/server:3
  [4;36;1mSQL (0.3ms)[0m   [0;1mSET NAMES 'utf8'[0m
  [4;35;1mSQL (0.1ms)[0m   [0mSET SQL_AUTO_IS_NULL=0[0m
  [4;36;1mSQL (77.0ms)[0m   [0;1mSHOW TABLES[0m
  [4;35;1mSQL (836.7ms)[0m   [0mCREATE TABLE `schema_migrations` (`version` varchar(255) NOT NULL) ENGINE=InnoDB[0m
  [4;36;1mSQL (101.0ms)[0m   [0;1mSHOW KEYS FROM `schema_migrations`[0m
  [4;35;1mSQL (394.8ms)[0m   [0mCREATE UNIQUE INDEX `unique_schema_migrations` ON `schema_migrations` (`version`)[0m
  [4;36;1mSQL (0.9ms)[0m   [0;1mSHOW TABLES[0m
  [4;35;1mSQL (538.0ms)[0m   [0mSELECT version FROM schema_migrations[0m
Migrating to CreateFeedEntries (20100803025239)
  [4;36;1mSQL (211.0ms)[0m   [0;1mCREATE TABLE `feed_entries` (`id` int(11) DEFAULT NULL auto_increment PRIMARY KEY, `title` varchar(255), `author` varchar(255), `summary` text, `url` varchar(255), `published_at` datetime, `guid` varchar(255), `created_at` datetime, `updated_at` datetime) ENGINE=InnoDB[0m
  [4;35;1mSQL (76.8ms)[0m   [0mINSERT INTO schema_migrations (version) VALUES ('20100803025239')[0m
  [4;36;1mSQL (0.8ms)[0m   [0;1mSHOW TABLES[0m
  [4;35;1mSQL (0.4ms)[0m   [0mSELECT version FROM schema_migrations[0m
  [4;36;1mSQL (0.5ms)[0m   [0;1mSHOW TABLES[0m
  [4;35;1mSQL (34.0ms)[0m   [0mSHOW FIELDS FROM `feed_entries`[0m
  [4;36;1mSQL (1.3ms)[0m   [0;1mdescribe `feed_entries`[0m
  [4;35;1mSQL (5.9ms)[0m   [0mSHOW KEYS FROM `feed_entries`[0m
  [4;36;1mSQL (0.2ms)[0m   [0;1mSET NAMES 'utf8'[0m
  [4;35;1mSQL (0.2ms)[0m   [0mSET SQL_AUTO_IS_NULL=0[0m


Processing HomeController#index (for 127.0.0.1 at 2011-03-16 00:09:18) [GET]
  [4;36;1mFeedEntry Load (48.6ms)[0m   [0;1mSELECT title,author,url,published_at FROM `feed_entries` ORDER BY published_at DESC[0m
Rendering template within layouts/application
Rendering home/index
Completed in 204ms (View: 140, DB: 49) | 200 OK [http://localhost/]
  [4;35;1mSQL (0.2ms)[0m   [0mSET NAMES 'utf8'[0m
  [4;36;1mSQL (0.3ms)[0m   [0;1mSET SQL_AUTO_IS_NULL=0[0m


Processing HomeController#index (for 127.0.0.1 at 2011-03-16 00:11:08) [GET]
  [4;35;1mFeedEntry Load (16.6ms)[0m   [0mSELECT title,author,url,published_at FROM `feed_entries` ORDER BY published_at DESC[0m
Rendering template within layouts/application
Rendering home/index
  [4;36;1mFeedEntry Columns (65.5ms)[0m   [0;1mSHOW FIELDS FROM `feed_entries`[0m
Completed in 659ms (View: 439, DB: 83) | 200 OK [http://localhost/]
  [4;36;1mSQL (40.8ms)[0m   [0;1mSET NAMES 'utf8'[0m
  [4;35;1mSQL (23.7ms)[0m   [0mSET SQL_AUTO_IS_NULL=0[0m


Processing HomeController#index (for 127.0.0.1 at 2011-03-16 17:48:46) [GET]
  [4;36;1mFeedEntry Load (288.7ms)[0m   [0;1mSELECT title,author,url,published_at FROM `feed_entries` ORDER BY published_at DESC[0m
Rendering template within layouts/application
Rendering home/index
  [4;35;1mFeedEntry Columns (12.9ms)[0m   [0mSHOW FIELDS FROM `feed_entries`[0m
Completed in 506ms (View: 193, DB: 366) | 200 OK [http://localhost/]
